  [1m[35m (1141.8ms)[0m  [1m[35mCREATE DATABASE "dashoffice_cjr_development" ENCODING = 'unicode'[0m
  ↳ bin/rails:9
  [1m[35m (801.0ms)[0m  [1m[35mCREATE DATABASE "dashoffice_cjr_test" ENCODING = 'unicode'[0m
  ↳ bin/rails:9
Started GET "/" for ::1 at 2019-03-22 10:51:36 -0300
Processing by MainController#index as HTML
  Rendering main/index.html.erb within layouts/application
Started GET "/" for ::1 at 2019-03-22 10:51:41 -0300
Processing by MainController#index as HTML
  Rendering main/index.html.erb within layouts/application
  Rendered main/index.html.erb within layouts/application (19043.2ms)
Completed 500 Internal Server Error in 19195ms (ActiveRecord: 0.0ms)


  
ActionView::Template::Error (Asset was not declared to be precompiled in production.
Add `Rails.application.config.assets.precompile += %w( img/logo.png )` to `config/initializers/assets.rb` and restart your server):
     5: 				<nav class="navbar navbar-expand-lg navbar-light">
     6: 					<div class="container">
     7: 						  <a class="navbar-brand" href="index.html">
     8: 						  	<%= image_tag "img/logo.png", class: "" %>
     9: 						  </a>
    10: 						  <button class="navbar-toggler" type="button" data-toggle="collapse" data-target="#navbarSupportedContent" aria-controls="navbarSupportedContent" aria-expanded="false" aria-label="Toggle navigation">
    11: 						    <span class="navbar-toggler-icon"></span>
  
app/views/main/index.html.erb:8:in `_app_views_main_index_html_erb__3246432473358965092_47190810969800'
  Rendered main/index.html.erb within layouts/application (14971.5ms)
Completed 500 Internal Server Error in 15068ms (ActiveRecord: 0.0ms)


  
ActionView::Template::Error (Asset was not declared to be precompiled in production.
Add `Rails.application.config.assets.precompile += %w( img/logo.png )` to `config/initializers/assets.rb` and restart your server):
     5: 				<nav class="navbar navbar-expand-lg navbar-light">
     6: 					<div class="container">
     7: 						  <a class="navbar-brand" href="index.html">
     8: 						  	<%= image_tag "img/logo.png", class: "" %>
     9: 						  </a>
    10: 						  <button class="navbar-toggler" type="button" data-toggle="collapse" data-target="#navbarSupportedContent" aria-controls="navbarSupportedContent" aria-expanded="false" aria-label="Toggle navigation">
    11: 						    <span class="navbar-toggler-icon"></span>
  
app/views/main/index.html.erb:8:in `_app_views_main_index_html_erb__3246432473358965092_70005765748800'
Started GET "/" for ::1 at 2019-03-22 10:53:20 -0300
Processing by MainController#index as HTML
  Rendering main/index.html.erb within layouts/application
  Rendered main/index.html.erb within layouts/application (175.2ms)
Completed 500 Internal Server Error in 207ms (ActiveRecord: 0.0ms)


  
ActionView::Template::Error (Asset was not declared to be precompiled in production.
Add `Rails.application.config.assets.precompile += %w( img/logo.png )` to `config/initializers/assets.rb` and restart your server):
     5: 				<nav class="navbar navbar-expand-lg navbar-light">
     6: 					<div class="container">
     7: 						  <a class="navbar-brand" href="index.html">
     8: 						  	<%= image_tag "img/logo.png", class: "" %>
     9: 						  </a>
    10: 						  <button class="navbar-toggler" type="button" data-toggle="collapse" data-target="#navbarSupportedContent" aria-controls="navbarSupportedContent" aria-expanded="false" aria-label="Toggle navigation">
    11: 						    <span class="navbar-toggler-icon"></span>
  
app/views/main/index.html.erb:8:in `_app_views_main_index_html_erb__3246432473358965092_70005770074460'
Started GET "/" for ::1 at 2019-03-22 10:59:13 -0300
Processing by MainController#index as HTML
  Rendering main/index.html.erb within layouts/application
  Rendered main/index.html.erb within layouts/application (201.5ms)
Completed 500 Internal Server Error in 235ms (ActiveRecord: 0.0ms)


  
ActionView::Template::Error (Asset was not declared to be precompiled in production.
Add `Rails.application.config.assets.precompile += %w( img/logo.png )` to `config/initializers/assets.rb` and restart your server):
     5: 				<nav class="navbar navbar-expand-lg navbar-light">
     6: 					<div class="container">
     7: 						  <a class="navbar-brand" href="index.html">
     8: 						  	<%= image_tag "img/logo.png", class: "" %>
     9: 						  </a>
    10: 						  <button class="navbar-toggler" type="button" data-toggle="collapse" data-target="#navbarSupportedContent" aria-controls="navbarSupportedContent" aria-expanded="false" aria-label="Toggle navigation">
    11: 						    <span class="navbar-toggler-icon"></span>
  
app/views/main/index.html.erb:8:in `_app_views_main_index_html_erb__3246432473358965092_70005769393720'
Started GET "/" for ::1 at 2019-03-22 11:01:28 -0300
Processing by MainController#index as HTML
  Rendering main/index.html.erb within layouts/application
  Rendered main/index.html.erb within layouts/application (11449.0ms)
Completed 500 Internal Server Error in 11965ms (ActiveRecord: 0.0ms)


  
ActionView::Template::Error (The asset "img/fav.png.css" is not present in the asset pipeline.):
     7: 
     8:     <%= stylesheet_link_tag    'application', media: 'all', 'data-turbolinks-track': 'reload' %>
     9:     <%= javascript_include_tag 'application', 'data-turbolinks-track': 'reload' %>
    10:     <%= stylesheet_link_tag "img/fav.png" %>
    11:     <%= stylesheet_link_tag "https://fonts.googleapis.com/css?family=Poppins:100,200,400,300,500,600,700" %>
    12:     <%= stylesheet_link_tag "css/linearicons.css" %>
    13:     <%= stylesheet_link_tag "css/font-awesome.min.css" %>
  
app/views/layouts/application.html.erb:10:in `_app_views_layouts_application_html_erb__536481156030480427_47389590553220'
Started GET "/" for ::1 at 2019-03-22 11:02:41 -0300
Processing by MainController#index as HTML
  Rendering main/index.html.erb within layouts/application
  Rendered main/index.html.erb within layouts/application (1804.7ms)
Completed 200 OK in 2797ms (Views: 2779.7ms | ActiveRecord: 0.0ms)


Started GET "/img/header-bg.jpg" for ::1 at 2019-03-22 11:02:45 -0300
  
ActionController::RoutingError (No route matches [GET] "/img/header-bg.jpg"):
  
actionpack (5.2.2.1) lib/action_dispatch/middleware/debug_exceptions.rb:65:in `call'
web-console (3.7.0) lib/web_console/middleware.rb:135:in `call_app'
web-console (3.7.0) lib/web_console/middleware.rb:30:in `block in call'
web-console (3.7.0) lib/web_console/middleware.rb:20:in `catch'
web-console (3.7.0) lib/web_console/middleware.rb:20:in `call'
actionpack (5.2.2.1) lib/action_dispatch/middleware/show_exceptions.rb:33:in `call'
railties (5.2.2.1) lib/rails/rack/logger.rb:38:in `call_app'
railties (5.2.2.1) lib/rails/rack/logger.rb:26:in `block in call'
activesupport (5.2.2.1) lib/active_support/tagged_logging.rb:71:in `block in tagged'
activesupport (5.2.2.1) lib/active_support/tagged_logging.rb:28:in `tagged'
activesupport (5.2.2.1) lib/active_support/tagged_logging.rb:71:in `tagged'
railties (5.2.2.1) lib/rails/rack/logger.rb:26:in `call'
sprockets-rails (3.2.1) lib/sprockets/rails/quiet_assets.rb:13:in `call'
actionpack (5.2.2.1) lib/action_dispatch/middleware/remote_ip.rb:81:in `call'
actionpack (5.2.2.1) lib/action_dispatch/middleware/request_id.rb:27:in `call'
rack (2.0.6) lib/rack/method_override.rb:22:in `call'
rack (2.0.6) lib/rack/runtime.rb:22:in `call'
activesupport (5.2.2.1) lib/active_support/cache/strategy/local_cache_middleware.rb:29:in `call'
actionpack (5.2.2.1) lib/action_dispatch/middleware/executor.rb:14:in `call'
actionpack (5.2.2.1) lib/action_dispatch/middleware/static.rb:127:in `call'
rack (2.0.6) lib/rack/sendfile.rb:111:in `call'
railties (5.2.2.1) lib/rails/engine.rb:524:in `call'
puma (3.12.1) lib/puma/configuration.rb:227:in `call'
puma (3.12.1) lib/puma/server.rb:660:in `handle_request'
puma (3.12.1) lib/puma/server.rb:474:in `process_client'
puma (3.12.1) lib/puma/server.rb:334:in `block in run'
puma (3.12.1) lib/puma/thread_pool.rb:135:in `block in spawn_thread'
Started GET "/" for ::1 at 2019-03-22 11:09:39 -0300
Processing by MainController#index as HTML
  Rendering main/index.html.erb within layouts/application
  Rendered main/index.html.erb within layouts/application (1787.6ms)
Completed 200 OK in 2316ms (Views: 2303.3ms | ActiveRecord: 0.0ms)


Started GET "/single.html" for ::1 at 2019-03-22 11:11:57 -0300
  
ActionController::RoutingError (No route matches [GET] "/single.html"):
  
actionpack (5.2.2.1) lib/action_dispatch/middleware/debug_exceptions.rb:65:in `call'
web-console (3.7.0) lib/web_console/middleware.rb:135:in `call_app'
web-console (3.7.0) lib/web_console/middleware.rb:30:in `block in call'
web-console (3.7.0) lib/web_console/middleware.rb:20:in `catch'
web-console (3.7.0) lib/web_console/middleware.rb:20:in `call'
actionpack (5.2.2.1) lib/action_dispatch/middleware/show_exceptions.rb:33:in `call'
railties (5.2.2.1) lib/rails/rack/logger.rb:38:in `call_app'
railties (5.2.2.1) lib/rails/rack/logger.rb:26:in `block in call'
activesupport (5.2.2.1) lib/active_support/tagged_logging.rb:71:in `block in tagged'
activesupport (5.2.2.1) lib/active_support/tagged_logging.rb:28:in `tagged'
activesupport (5.2.2.1) lib/active_support/tagged_logging.rb:71:in `tagged'
railties (5.2.2.1) lib/rails/rack/logger.rb:26:in `call'
sprockets-rails (3.2.1) lib/sprockets/rails/quiet_assets.rb:13:in `call'
actionpack (5.2.2.1) lib/action_dispatch/middleware/remote_ip.rb:81:in `call'
actionpack (5.2.2.1) lib/action_dispatch/middleware/request_id.rb:27:in `call'
rack (2.0.6) lib/rack/method_override.rb:22:in `call'
rack (2.0.6) lib/rack/runtime.rb:22:in `call'
activesupport (5.2.2.1) lib/active_support/cache/strategy/local_cache_middleware.rb:29:in `call'
actionpack (5.2.2.1) lib/action_dispatch/middleware/executor.rb:14:in `call'
actionpack (5.2.2.1) lib/action_dispatch/middleware/static.rb:127:in `call'
rack (2.0.6) lib/rack/sendfile.rb:111:in `call'
railties (5.2.2.1) lib/rails/engine.rb:524:in `call'
puma (3.12.1) lib/puma/configuration.rb:227:in `call'
puma (3.12.1) lib/puma/server.rb:660:in `handle_request'
puma (3.12.1) lib/puma/server.rb:474:in `process_client'
puma (3.12.1) lib/puma/server.rb:334:in `block in run'
puma (3.12.1) lib/puma/thread_pool.rb:135:in `block in spawn_thread'
Started GET "/" for ::1 at 2019-03-22 11:12:03 -0300
Processing by MainController#index as HTML
  Rendering main/index.html.erb within layouts/application
  Rendered main/index.html.erb within layouts/application (154.4ms)
Completed 200 OK in 494ms (Views: 482.9ms | ActiveRecord: 0.0ms)


